[I 2024-12-29 11:38:00,036] Trial 90 finished with value: 0.23890259104005374 and parameters: {'min_cluster_size': 135, 'min_samples': 99, 'cluster_selection_epsilon': 0.6982886165455975}. Best is trial 70 with value: 0.37044519341165566.
[I 2024-12-29 11:38:20,642] Trial 91 finished with value: 0.37044519341165566 and parameters: {'min_cluster_size': 148, 'min_samples': 101, 'cluster_selection_epsilon': 0.771517053581047}. Best is trial 70 with value: 0.37044519341165566.
[I 2024-12-29 11:38:41,415] Trial 92 finished with value: 0.37044519341165566 and parameters: {'min_cluster_size': 116, 'min_samples': 101, 'cluster_selection_epsilon': 0.7737768813295519}. Best is trial 70 with value: 0.37044519341165566.
[I 2024-12-29 11:39:03,682] Trial 93 finished with value: -0.04729006938009578 and parameters: {'min_cluster_size': 114, 'min_samples': 95, 'cluster_selection_epsilon': 0.7811619064096023}. Best is trial 70 with value: 0.37044519341165566.
[I 2024-12-29 11:39:21,793] Trial 94 finished with value: 0.20101607368023916 and parameters: {'min_cluster_size': 147, 'min_samples': 113, 'cluster_selection_epsilon': 0.8292904878090316}. Best is trial 70 with value: 0.37044519341165566.
[I 2024-12-29 11:39:43,626] Trial 95 finished with value: -0.04726273611463207 and parameters: {'min_cluster_size': 154, 'min_samples': 91, 'cluster_selection_epsilon': 0.7289669632150684}. Best is trial 70 with value: 0.37044519341165566.
[I 2024-12-29 11:40:07,096] Trial 96 finished with value: -0.2305142760483935 and parameters: {'min_cluster_size': 89, 'min_samples': 83, 'cluster_selection_epsilon': 0.7708136773558549}. Best is trial 70 with value: 0.37044519341165566.
[I 2024-12-29 11:40:26,153] Trial 97 finished with value: 0.16677913303463626 and parameters: {'min_cluster_size': 123, 'min_samples': 108, 'cluster_selection_epsilon': 0.6308086796827426}. Best is trial 70 with value: 0.37044519341165566.
[I 2024-12-29 11:40:44,664] Trial 98 finished with value: 0.20927538155751396 and parameters: {'min_cluster_size': 175, 'min_samples': 115, 'cluster_selection_epsilon': 0.7517430077696738}. Best is trial 70 with value: 0.37044519341165566.
[I 2024-12-29 11:41:11,251] Trial 99 finished with value: 0.1707325207477864 and parameters: {'min_cluster_size': 106, 'min_samples': 97, 'cluster_selection_epsilon': 0.8550422218069909}. Best is trial 70 with value: 0.37044519341165566.

Optimization Results:
Best parameters: {'min_cluster_size': 161, 'min_samples': 101, 'cluster_selection_epsilon': 0.7205128808125071}
Best trial metrics:
Number of clusters: 2
Silhouette score: 0.604
Adjusted Rand Index: 0.078
NMI score: 0.052
Noise ratio: 0.128