[I 2024-12-29 13:14:54,701] Trial 92 finished with value: 0.10419048589794876 and parameters: {'min_cluster_size': 164, 'min_samples': 118, 'cluster_selection_epsilon': 0.7203450452048528}. Best is trial 71 with value: 0.37578429719456313.
[I 2024-12-29 13:15:07,637] Trial 93 finished with value: 0.135033642755939 and parameters: {'min_cluster_size': 239, 'min_samples': 93, 'cluster_selection_epsilon': 0.7702903217850865}. Best is trial 71 with value: 0.37578429719456313.
[I 2024-12-29 13:15:34,989] Trial 94 finished with value: 0.2879344181028442 and parameters: {'min_cluster_size': 141, 'min_samples': 114, 'cluster_selection_epsilon': 0.6171311285274245}. Best is trial 71 with value: 0.37578429719456313.
[I 2024-12-29 13:16:02,301] Trial 95 finished with value: 0.37275025503327713 and parameters: {'min_cluster_size': 169, 'min_samples': 115, 'cluster_selection_epsilon': 0.8019432980477901}. Best is trial 71 with value: 0.37578429719456313.
[I 2024-12-29 13:16:29,108] Trial 96 finished with value: 0.2584651983492336 and parameters: {'min_cluster_size': 61, 'min_samples': 31, 'cluster_selection_epsilon': 0.9193285269996428}. Best is trial 71 with value: 0.37578429719456313.
[I 2024-12-29 13:16:56,543] Trial 97 finished with value: 0.28324048154408277 and parameters: {'min_cluster_size': 226, 'min_samples': 128, 'cluster_selection_epsilon': 0.7944633814977651}. Best is trial 71 with value: 0.37578429719456313.
[I 2024-12-29 13:17:24,075] Trial 98 finished with value: 0.27652933038238325 and parameters: {'min_cluster_size': 293, 'min_samples': 148, 'cluster_selection_epsilon': 0.8415249990703367}. Best is trial 71 with value: 0.37578429719456313.
[I 2024-12-29 13:17:51,416] Trial 99 finished with value: 0.1535178089371305 and parameters: {'min_cluster_size': 206, 'min_samples': 123, 'cluster_selection_epsilon': 0.7393407140253625}. Best is trial 71 with value: 0.37578429719456313.

Optimization Results:
Best parameters: {'min_cluster_size': 219, 'min_samples': 110, 'cluster_selection_epsilon': 0.6958921272280095}
Best trial metrics:
Number of clusters: 2
Silhouette score: 0.627
Adjusted Rand Index: 0.000
NMI score: 0.000
Noise ratio: 0.002