[I 2024-12-29 15:52:50,278] Trial 90 finished with value: 0.2504835556906352 and parameters: {'min_cluster_size': 155, 'min_samples': 100, 'cluster_selection_epsilon': 0.38200240487762943}. Best is trial 80 with value: 0.250660904072524.
[I 2024-12-29 15:53:19,989] Trial 91 finished with value: 0.17772918773902757 and parameters: {'min_cluster_size': 126, 'min_samples': 101, 'cluster_selection_epsilon': 0.38144311783994234}. Best is trial 80 with value: 0.250660904072524.
[I 2024-12-29 15:53:48,322] Trial 92 finished with value: 0.07968229566780463 and parameters: {'min_cluster_size': 146, 'min_samples': 105, 'cluster_selection_epsilon': 0.2704898363033169}. Best is trial 80 with value: 0.250660904072524.
[I 2024-12-29 15:54:15,747] Trial 93 finished with value: 0.17943990930913736 and parameters: {'min_cluster_size': 175, 'min_samples': 120, 'cluster_selection_epsilon': 0.3568929156647678}. Best is trial 80 with value: 0.250660904072524.
[I 2024-12-29 15:54:26,721] Trial 94 finished with value: 0.2092168499404453 and parameters: {'min_cluster_size': 158, 'min_samples': 96, 'cluster_selection_epsilon': 0.39481819868579776}. Best is trial 80 with value: 0.250660904072524.
[I 2024-12-29 15:54:30,059] Trial 95 finished with value: 0.03902810471124078 and parameters: {'min_cluster_size': 193, 'min_samples': 111, 'cluster_selection_epsilon': 0.46261863070006004}. Best is trial 80 with value: 0.250660904072524.
[I 2024-12-29 15:54:56,672] Trial 96 finished with value: 0.2503440827311408 and parameters: {'min_cluster_size': 142, 'min_samples': 102, 'cluster_selection_epsilon': 0.5121586325637892}. Best is trial 80 with value: 0.250660904072524.
[I 2024-12-29 15:55:24,444] Trial 97 finished with value: 0.2504835556906352 and parameters: {'min_cluster_size': 110, 'min_samples': 100, 'cluster_selection_epsilon': 0.6230492619571586}. Best is trial 80 with value: 0.250660904072524.
[I 2024-12-29 15:55:53,938] Trial 98 finished with value: 0.1633290365284834 and parameters: {'min_cluster_size': 139, 'min_samples': 116, 'cluster_selection_epsilon': 0.5850531668494605}. Best is trial 80 with value: 0.250660904072524.
[I 2024-12-29 15:56:24,093] Trial 99 finished with value: 0.2500481039376583 and parameters: {'min_cluster_size': 116, 'min_samples': 108, 'cluster_selection_epsilon': 0.5823346428469303}. Best is trial 80 with value: 0.250660904072524.

Optimization Results:
Best parameters: {'min_cluster_size': 220, 'min_samples': 117, 'cluster_selection_epsilon': 0.28479667859306007}
Best trial metrics:
Number of clusters: 2
Silhouette score: 0.614
Adjusted Rand Index: 0.020
NMI score: 0.011
Noise ratio: 0.033