[I 2024-12-28 22:31:29,737] Trial 84 finished with value: 0.15633739166499905 and parameters: {'min_cluster_size': 256, 'min_samples': 239, 'cluster_selection_epsilon': 0.7338168571811621}. Best is trial 52 with value: 0.2671996108497395.
[I 2024-12-28 22:31:46,889] Trial 85 finished with value: 0.11789195023547692 and parameters: {'min_cluster_size': 277, 'min_samples': 214, 'cluster_selection_epsilon': 0.8278766614179625}. Best is trial 52 with value: 0.2671996108497395.
[I 2024-12-28 22:32:00,858] Trial 86 finished with value: 0.16597332006372628 and parameters: {'min_cluster_size': 302, 'min_samples': 251, 'cluster_selection_epsilon': 0.6558224893669837}. Best is trial 52 with value: 0.2671996108497395.
[I 2024-12-28 22:32:14,675] Trial 87 finished with value: 0.14504233787510565 and parameters: {'min_cluster_size': 231, 'min_samples': 202, 'cluster_selection_epsilon': 0.7240246970351687}. Best is trial 52 with value: 0.2671996108497395.
[I 2024-12-28 22:32:28,830] Trial 88 finished with value: 0.12854600669002297 and parameters: {'min_cluster_size': 332, 'min_samples': 191, 'cluster_selection_epsilon': 0.6180501835196679}. Best is trial 52 with value: 0.2671996108497395.
[I 2024-12-28 22:32:45,963] Trial 89 finished with value: 0.1837587958390302 and parameters: {'min_cluster_size': 469, 'min_samples': 307, 'cluster_selection_epsilon': 0.5503061612409575}. Best is trial 52 with value: 0.2671996108497395.
[I 2024-12-28 22:33:07,156] Trial 90 finished with value: 0.25797276642208106 and parameters: {'min_cluster_size': 262, 'min_samples': 224, 'cluster_selection_epsilon': 0.7704918044126825}. Best is trial 52 with value: 0.2671996108497395.
[I 2024-12-28 22:33:21,607] Trial 91 finished with value: 0.15275381883589728 and parameters: {'min_cluster_size': 263, 'min_samples': 226, 'cluster_selection_epsilon': 0.763975316845693}. Best is trial 52 with value: 0.2671996108497395.
[I 2024-12-28 22:33:35,315] Trial 92 finished with value: 0.10813107193982366 and parameters: {'min_cluster_size': 285, 'min_samples': 207, 'cluster_selection_epsilon': 0.8194901245596411}. Best is trial 52 with value: 0.2671996108497395.
[I 2024-12-28 22:33:57,229] Trial 93 finished with value: 0.19945450116680108 and parameters: {'min_cluster_size': 318, 'min_samples': 238, 'cluster_selection_epsilon': 0.7068240771404016}. Best is trial 52 with value: 0.2671996108497395.
[I 2024-12-28 22:34:12,218] Trial 94 finished with value: 0.11202097019916823 and parameters: {'min_cluster_size': 292, 'min_samples': 219, 'cluster_selection_epsilon': 0.8030102788355856}. Best is trial 52 with value: 0.2671996108497395.
[I 2024-12-28 22:34:33,510] Trial 95 finished with value: 0.176462569181406 and parameters: {'min_cluster_size': 244, 'min_samples': 213, 'cluster_selection_epsilon': 0.6665253491757072}. Best is trial 52 with value: 0.2671996108497395.
[I 2024-12-28 22:34:53,733] Trial 96 finished with value: 0.19118725724658228 and parameters: {'min_cluster_size': 443, 'min_samples': 254, 'cluster_selection_epsilon': 0.589575283180859}. Best is trial 52 with value: 0.2671996108497395.
[I 2024-12-28 22:35:12,913] Trial 97 finished with value: 0.1328725585170216 and parameters: {'min_cluster_size': 306, 'min_samples': 231, 'cluster_selection_epsilon': 0.7906212746982733}. Best is trial 52 with value: 0.2671996108497395.
[I 2024-12-28 22:35:29,380] Trial 98 finished with value: 0.04683518626261676 and parameters: {'min_cluster_size': 326, 'min_samples': 92, 'cluster_selection_epsilon': 0.7519046654319361}. Best is trial 52 with value: 0.2671996108497395.
[I 2024-12-28 22:35:50,361] Trial 99 finished with value: 0.25797276642208106 and parameters: {'min_cluster_size': 267, 'min_samples': 224, 'cluster_selection_epsilon': 0.8423598779232778}. Best is trial 52 with value: 0.2671996108497395.

Optimization Results:
Best parameters: {'min_cluster_size': 377, 'min_samples': 221, 'cluster_selection_epsilon': 0.46485949122178394}
Best trial metrics:
Number of clusters: 2
Silhouette score: 0.618
Adjusted Rand Index: 0.076
NMI score: 0.052
Noise ratio: 0.129